0 info it worked if it ends with ok
1 verbose cli [ 'c:\\Program Files\\nodejs\\node.exe',
1 verbose cli   'c:\\Program Files\\nodejs\\node_modules\\npm\\bin\\npm-cli.js',
1 verbose cli   'publish' ]
2 info using npm@2.11.3
3 info using node@v0.12.7
4 verbose publish [ '.' ]
5 silly cache add args [ '.', null ]
6 verbose cache add spec .
7 silly cache add parsed spec { raw: '.',
7 silly cache add   scope: null,
7 silly cache add   name: null,
7 silly cache add   rawSpec: '.',
7 silly cache add   spec: 'c:\\Users\\nawaz\\Desktop\\CloudBoost\\JavaScriptSDK\\dist',
7 silly cache add   type: 'local' }
8 error addLocal Could not install c:\Users\nawaz\Desktop\CloudBoost\JavaScriptSDK\dist
9 verbose stack Error: EISDIR, read
9 verbose stack     at Error (native)
10 verbose cwd c:\Users\nawaz\Desktop\CloudBoost\JavaScriptSDK\dist
11 error Windows_NT 6.3.9600
12 error argv "c:\\Program Files\\nodejs\\node.exe" "c:\\Program Files\\nodejs\\node_modules\\npm\\bin\\npm-cli.js" "publish"
13 error node v0.12.7
14 error npm  v2.11.3
15 error code EISDIR
16 error errno -4068
17 error EISDIR, read
18 error If you need help, you may report this error at:
18 error     <https://github.com/npm/npm/issues>
19 verbose exit [ -4068, true ]
